>>> LogFilter time stamp: 2015/02/15 00:00:00 <<<
00:35:25 -   NcMdvServer -port 5482 -instance manager -qmax -1
00:35:25 - WARNING - MdvxField::MdvxField
00:35:25 -   Field name: Reflectivity
00:35:25 -   Volume size: 0
00:35:25 - WARNING - MdvxField::computeMinAndMax
00:35:25 -   Field name: Reflectivity
00:35:25 -   Volume size: 0
00:35:25 - WARNING - MdvxField::computeMinAndMax
00:35:25 -   Field name: Reflectivity
00:35:25 -   Volume size: 0
00:35:25 - WARNING - MdvxField::computeMinAndMax
00:35:25 -   Field name: Reflectivity
00:35:25 -   Volume size: 0
00:35:25 - WARNING - MdvxField::computeMinAndMax
00:35:25 -   Field name: Reflectivity
00:35:25 -   Volume size: 0
00:35:25 - WARNING - MdvxField::computeMinAndMax
00:35:25 -   Field name: Reflectivity
00:35:25 -   Volume size: 0
00:35:25 - WARNING - MdvxField::computeMinAndMax
00:35:49 -   Field name: Reflectivity
00:35:49 -   Volume size: 0
00:35:49 - WARNING - MdvxField::MdvxField
00:35:49 -   Field name: Reflectivity
00:35:49 -   Volume size: 0
00:35:49 - WARNING - MdvxField::computeMinAndMax
00:35:49 -   Field name: Reflectivity
00:35:49 -   Volume size: 0
00:35:49 - WARNING - MdvxField::computeMinAndMax
00:35:49 -   Field name: Reflectivity
00:35:49 -   Volume size: 0
00:35:49 - WARNING - MdvxField::computeMinAndMax
00:35:49 -   Field name: Reflectivity
00:35:49 -   Volume size: 0
00:35:49 - WARNING - MdvxField::computeMinAndMax
00:35:49 -   Field name: Reflectivity
00:35:49 -   Volume size: 0
00:35:49 - WARNING - MdvxField::computeMinAndMax
00:35:49 -   Field name: Reflectivity
00:35:49 -   Volume size: 0
00:35:49 - WARNING - MdvxField::computeMinAndMax
00:36:24 -   Field name: Reflectivity
00:36:24 -   Volume size: 0
00:36:24 - WARNING - MdvxField::MdvxField
00:36:24 -   Field name: Reflectivity
00:36:24 -   Volume size: 0
00:36:24 - WARNING - MdvxField::computeMinAndMax
00:36:24 -   Field name: Reflectivity
00:36:24 -   Volume size: 0
00:36:24 - WARNING - MdvxField::computeMinAndMax
00:36:24 -   Field name: Reflectivity
00:36:24 -   Volume size: 0
00:36:24 - WARNING - MdvxField::computeMinAndMax
00:36:24 -   Field name: Reflectivity
00:36:24 -   Volume size: 0
00:36:24 - WARNING - MdvxField::computeMinAndMax
00:36:24 -   Field name: Reflectivity
00:36:24 -   Volume size: 0
00:36:24 - WARNING - MdvxField::computeMinAndMax
00:36:24 -   Field name: Reflectivity
00:36:24 -   Volume size: 0
00:36:24 - WARNING - MdvxField::computeMinAndMax
>>> LogFilter time stamp: 2015/02/15 01:00:00 <<<
01:02:44 -   Field name: Reflectivity
01:02:44 -   Volume size: 0
01:02:44 - WARNING - MdvxField::MdvxField
01:02:44 -   Field name: Reflectivity
01:02:44 -   Volume size: 0
01:02:44 - WARNING - MdvxField::computeMinAndMax
01:02:44 -   Field name: Reflectivity
01:02:44 -   Volume size: 0
01:02:44 - WARNING - MdvxField::computeMinAndMax
01:02:44 -   Field name: Reflectivity
01:02:44 -   Volume size: 0
01:02:44 - WARNING - MdvxField::computeMinAndMax
01:02:44 -   Field name: Reflectivity
01:02:44 -   Volume size: 0
01:02:44 - WARNING - MdvxField::computeMinAndMax
01:02:44 -   Field name: Reflectivity
01:02:44 -   Volume size: 0
01:02:44 - WARNING - MdvxField::computeMinAndMax
01:02:44 -   Field name: Reflectivity
01:02:44 -   Volume size: 0
01:02:44 - WARNING - MdvxField::computeMinAndMax
>>> LogFilter time stamp: 2015/02/15 02:00:00 <<<
>>> LogFilter time stamp: 2015/02/15 03:00:00 <<<
>>> LogFilter time stamp: 2015/02/15 04:00:00 <<<
>>> LogFilter time stamp: 2015/02/15 05:00:00 <<<
>>> LogFilter time stamp: 2015/02/15 06:00:00 <<<
>>> LogFilter time stamp: 2015/02/15 07:00:00 <<<
>>> LogFilter time stamp: 2015/02/15 08:00:00 <<<
>>> LogFilter time stamp: 2015/02/15 09:00:00 <<<
>>> LogFilter time stamp: 2015/02/15 10:00:00 <<<
>>> LogFilter time stamp: 2015/02/15 11:00:00 <<<
>>> LogFilter time stamp: 2015/02/15 12:00:00 <<<
>>> LogFilter time stamp: 2015/02/15 13:00:00 <<<
>>> LogFilter time stamp: 2015/02/15 14:00:00 <<<
>>> LogFilter time stamp: 2015/02/15 15:00:00 <<<
>>> LogFilter time stamp: 2015/02/15 16:00:00 <<<
>>> LogFilter time stamp: 2015/02/15 17:00:00 <<<
>>> LogFilter time stamp: 2015/02/15 18:00:00 <<<
>>> LogFilter time stamp: 2015/02/15 19:00:00 <<<
>>> LogFilter time stamp: 2015/02/15 20:00:00 <<<
>>> LogFilter time stamp: 2015/02/15 21:00:00 <<<
>>> LogFilter time stamp: 2015/02/15 22:00:00 <<<
>>> LogFilter time stamp: 2015/02/15 23:00:00 <<<
