>>> LogFilter time stamp: 2015/02/16 00:00:00 <<<
>>> LogFilter time stamp: 2015/02/16 01:00:00 <<<
01:10:18 -   Field name: Reflectivity
01:10:18 -   Volume size: 0
01:10:18 - WARNING - MdvxField::MdvxField
01:10:18 -   Field name: CPA
01:10:18 -   Volume size: 0
01:10:18 - WARNING - MdvxField::computeMinAndMax
01:10:18 -   Field name: CPA
01:10:18 -   Volume size: 0
01:10:18 - WARNING - MdvxField::computeMinAndMax
01:10:18 -   Field name: CPA
01:10:18 -   Volume size: 0
01:10:18 - WARNING - MdvxField::computeMinAndMax
01:10:18 -   Field name: CPA
01:10:18 -   Volume size: 0
01:10:18 - WARNING - MdvxField::computeMinAndMax
01:10:18 -   Field name: CPA
01:10:18 -   Volume size: 0
01:10:18 - WARNING - MdvxField::computeMinAndMax
01:10:18 -   Field name: CPA
01:10:18 -   Volume size: 0
01:10:18 - WARNING - MdvxField::computeMinAndMax
>>> LogFilter time stamp: 2015/02/16 02:00:00 <<<
>>> LogFilter time stamp: 2015/02/16 03:00:00 <<<
>>> LogFilter time stamp: 2015/02/16 04:00:00 <<<
>>> LogFilter time stamp: 2015/02/16 05:00:00 <<<
>>> LogFilter time stamp: 2015/02/16 06:00:00 <<<
>>> LogFilter time stamp: 2015/02/16 07:00:00 <<<
>>> LogFilter time stamp: 2015/02/16 08:00:00 <<<
>>> LogFilter time stamp: 2015/02/16 09:00:00 <<<
>>> LogFilter time stamp: 2015/02/16 10:00:00 <<<
>>> LogFilter time stamp: 2015/02/16 11:00:00 <<<
>>> LogFilter time stamp: 2015/02/16 12:00:00 <<<
>>> LogFilter time stamp: 2015/02/16 13:00:00 <<<
>>> LogFilter time stamp: 2015/02/16 14:00:00 <<<
>>> LogFilter time stamp: 2015/02/16 15:00:00 <<<
>>> LogFilter time stamp: 2015/02/16 16:00:00 <<<
16:59:40 -   Field name: CPA
16:59:40 -   Volume size: 0
16:59:40 - WARNING - MdvxField::MdvxField
16:59:40 -   Field name: VEL_F
16:59:40 -   Volume size: 0
16:59:40 - WARNING - MdvxField::computeMinAndMax
16:59:40 -   Field name: VEL_F
16:59:40 -   Volume size: 0
16:59:40 - WARNING - MdvxField::computeMinAndMax
16:59:40 -   Field name: VEL_F
16:59:40 -   Volume size: 0
16:59:40 - WARNING - MdvxField::computeMinAndMax
16:59:40 -   Field name: VEL_F
16:59:40 -   Volume size: 0
16:59:40 - WARNING - MdvxField::computeMinAndMax
16:59:40 -   Field name: VEL_F
16:59:40 -   Volume size: 0
16:59:40 - WARNING - MdvxField::computeMinAndMax
16:59:40 -   Field name: VEL_F
16:59:40 -   Volume size: 0
16:59:40 - WARNING - MdvxField::computeMinAndMax
>>> LogFilter time stamp: 2015/02/16 17:00:00 <<<
>>> LogFilter time stamp: 2015/02/16 18:00:00 <<<
>>> LogFilter time stamp: 2015/02/16 19:00:00 <<<
19:03:25 -   Field name: VEL_F
19:03:25 -   Volume size: 0
19:03:25 - WARNING - MdvxField::MdvxField
19:03:25 -   Field name: Reflectivity
19:03:25 -   Volume size: 0
19:03:25 - WARNING - MdvxField::computeMinAndMax
19:03:25 -   Field name: Reflectivity
19:03:25 -   Volume size: 0
19:03:25 - WARNING - MdvxField::computeMinAndMax
19:03:25 -   Field name: Reflectivity
19:03:25 -   Volume size: 0
19:03:25 - WARNING - MdvxField::computeMinAndMax
19:03:25 -   Field name: Reflectivity
19:03:25 -   Volume size: 0
19:03:25 - WARNING - MdvxField::computeMinAndMax
19:03:25 -   Field name: Reflectivity
19:03:25 -   Volume size: 0
19:03:25 - WARNING - MdvxField::computeMinAndMax
19:03:25 -   Field name: Reflectivity
19:03:25 -   Volume size: 0
19:03:25 - WARNING - MdvxField::computeMinAndMax
>>> LogFilter time stamp: 2015/02/16 20:00:00 <<<
>>> LogFilter time stamp: 2015/02/16 21:00:00 <<<
>>> LogFilter time stamp: 2015/02/16 22:00:00 <<<
>>> LogFilter time stamp: 2015/02/16 23:00:00 <<<
