>>> LogFilter time stamp: 2015/02/13 00:00:00 <<<
>>> LogFilter time stamp: 2015/02/13 01:00:00 <<<
>>> LogFilter time stamp: 2015/02/13 02:00:00 <<<
>>> LogFilter time stamp: 2015/02/13 03:00:00 <<<
>>> LogFilter time stamp: 2015/02/13 04:00:00 <<<
>>> LogFilter time stamp: 2015/02/13 05:00:00 <<<
>>> LogFilter time stamp: 2015/02/13 06:00:00 <<<
>>> LogFilter time stamp: 2015/02/13 07:00:00 <<<
>>> LogFilter time stamp: 2015/02/13 08:00:00 <<<
>>> LogFilter time stamp: 2015/02/13 09:00:00 <<<
>>> LogFilter time stamp: 2015/02/13 10:00:00 <<<
>>> LogFilter time stamp: 2015/02/13 11:00:00 <<<
>>> LogFilter time stamp: 2015/02/13 12:00:00 <<<
>>> LogFilter time stamp: 2015/02/13 13:00:00 <<<
>>> LogFilter time stamp: 2015/02/13 14:00:00 <<<
>>> LogFilter time stamp: 2015/02/13 15:00:00 <<<
>>> LogFilter time stamp: 2015/02/13 16:00:00 <<<
>>> LogFilter time stamp: 2015/02/13 17:00:00 <<<
>>> LogFilter time stamp: 2015/02/13 18:00:00 <<<
>>> LogFilter time stamp: 2015/02/13 19:00:00 <<<
>>> LogFilter time stamp: 2015/02/13 20:00:00 <<<
>>> LogFilter time stamp: 2015/02/13 21:00:00 <<<
>>> LogFilter time stamp: 2015/02/13 22:00:00 <<<
>>> LogFilter time stamp: 2015/02/13 23:00:00 <<<
23:13:29 - WARNING: DsServerMgr reaped child with pid: 5508 which had a BAD EXIT. 
23:13:33 - NcMdvServer -port 5482: no such process
23:13:33 - Forked child, PID: 14469
23:13:33 -   Now exec: 
