03:50:39 - Server has opened ServerSocket at port 5435.
03:50:46 - NcMdvServer -port 5482: no such process
03:50:46 - Forked child, PID: 14593
03:50:46 -   Now exec: 
03:58:36 -   NcMdvServer -port 5482 -instance manager -qmax -1
03:58:36 - DsMdvServer -port 5440: no such process
03:58:36 - Forked child, PID: 15740
03:58:36 -   Now exec: 
03:58:36 -   DsMdvServer -port 5440 -instance manager -qmax -1
>>> LogFilter time stamp: 2014/11/16 04:00:00 <<<
04:13:43 - WARNING: DsServerMgr reaped child with pid: 14593 which had a BAD EXIT. 
04:15:20 - WARNING: DsServerMgr reaped child with pid: 15740 which had a BAD EXIT. 
>>> LogFilter time stamp: 2014/11/16 05:00:00 <<<
05:13:21 - DsMdvServer -port 5440: no such process
05:13:21 - Forked child, PID: 29151
05:13:22 -   Now exec: 
05:13:22 -   DsMdvServer -port 5440 -instance manager -qmax -1
05:13:22 - NcMdvServer -port 5482: no such process
05:13:22 - Forked child, PID: 29172
05:16:31 -   Now exec: 
05:16:31 -   NcMdvServer -port 5482 -instance manager -qmax -1
05:16:31 - WARNING: DsServerMgr reaped child with pid: 29151 which had a BAD EXIT. 
05:16:32 - WARNING: DsServerMgr reaped child with pid: 29172 which had a BAD EXIT. 
05:16:48 - Server has opened ServerSocket at port 5435.
05:16:50 - DsMdvServer -port 5440: no such process
05:16:50 - Forked child, PID: 12707
05:16:50 -   Now exec: 
05:16:50 -   DsMdvServer -port 5440 -instance manager -qmax -1
05:16:50 - NcMdvServer -port 5482: no such process
05:16:50 - Forked child, PID: 12729
>>> LogFilter time stamp: 2014/11/16 06:00:00 <<<
>>> LogFilter time stamp: 2014/11/16 07:00:00 <<<
>>> LogFilter time stamp: 2014/11/16 08:00:00 <<<
>>> LogFilter time stamp: 2014/11/16 09:00:00 <<<
>>> LogFilter time stamp: 2014/11/16 10:00:00 <<<
>>> LogFilter time stamp: 2014/11/16 11:00:00 <<<
>>> LogFilter time stamp: 2014/11/16 12:00:00 <<<
>>> LogFilter time stamp: 2014/11/16 13:00:00 <<<
>>> LogFilter time stamp: 2014/11/16 14:00:00 <<<
>>> LogFilter time stamp: 2014/11/16 15:00:00 <<<
>>> LogFilter time stamp: 2014/11/16 16:00:00 <<<
>>> LogFilter time stamp: 2014/11/16 17:00:00 <<<
>>> LogFilter time stamp: 2014/11/16 18:00:00 <<<
>>> LogFilter time stamp: 2014/11/16 19:00:00 <<<
>>> LogFilter time stamp: 2014/11/16 20:00:00 <<<
>>> LogFilter time stamp: 2014/11/16 21:00:00 <<<
>>> LogFilter time stamp: 2014/11/16 22:00:00 <<<
>>> LogFilter time stamp: 2014/11/16 23:00:00 <<<
