>>> LogFilter time stamp: 2015/02/14 00:00:00 <<<
>>> LogFilter time stamp: 2015/02/14 01:00:00 <<<
01:25:40 -   NcMdvServer -port 5482 -instance manager -qmax -1
01:25:40 - WARNING: DsServerMgr reaped child with pid: 14469 which had a BAD EXIT. 
01:25:42 - NcMdvServer -port 5482: no such process
01:25:42 - Forked child, PID: 24683
01:25:42 -   Now exec: 
>>> LogFilter time stamp: 2015/02/14 02:00:00 <<<
>>> LogFilter time stamp: 2015/02/14 03:00:00 <<<
>>> LogFilter time stamp: 2015/02/14 04:00:00 <<<
>>> LogFilter time stamp: 2015/02/14 05:00:00 <<<
>>> LogFilter time stamp: 2015/02/14 06:00:00 <<<
>>> LogFilter time stamp: 2015/02/14 07:00:00 <<<
>>> LogFilter time stamp: 2015/02/14 08:00:00 <<<
>>> LogFilter time stamp: 2015/02/14 09:00:00 <<<
>>> LogFilter time stamp: 2015/02/14 10:00:00 <<<
>>> LogFilter time stamp: 2015/02/14 11:00:00 <<<
>>> LogFilter time stamp: 2015/02/14 12:00:00 <<<
>>> LogFilter time stamp: 2015/02/14 13:00:00 <<<
>>> LogFilter time stamp: 2015/02/14 14:00:00 <<<
>>> LogFilter time stamp: 2015/02/14 15:00:00 <<<
>>> LogFilter time stamp: 2015/02/14 16:00:00 <<<
>>> LogFilter time stamp: 2015/02/14 17:00:00 <<<
>>> LogFilter time stamp: 2015/02/14 18:00:00 <<<
>>> LogFilter time stamp: 2015/02/14 19:00:00 <<<
>>> LogFilter time stamp: 2015/02/14 20:00:00 <<<
>>> LogFilter time stamp: 2015/02/14 21:00:00 <<<
>>> LogFilter time stamp: 2015/02/14 22:00:00 <<<
>>> LogFilter time stamp: 2015/02/14 23:00:00 <<<
