>>> LogFilter time stamp: 2015/02/18 00:00:00 <<<
>>> LogFilter time stamp: 2015/02/18 01:00:00 <<<
>>> LogFilter time stamp: 2015/02/18 02:00:00 <<<
>>> LogFilter time stamp: 2015/02/18 03:00:00 <<<
>>> LogFilter time stamp: 2015/02/18 04:00:00 <<<
>>> LogFilter time stamp: 2015/02/18 05:00:00 <<<
>>> LogFilter time stamp: 2015/02/18 06:00:00 <<<
>>> LogFilter time stamp: 2015/02/18 07:00:00 <<<
>>> LogFilter time stamp: 2015/02/18 08:00:00 <<<
>>> LogFilter time stamp: 2015/02/18 09:00:00 <<<
>>> LogFilter time stamp: 2015/02/18 10:00:00 <<<
>>> LogFilter time stamp: 2015/02/18 11:00:00 <<<
>>> LogFilter time stamp: 2015/02/18 12:00:00 <<<
>>> LogFilter time stamp: 2015/02/18 13:00:00 <<<
>>> LogFilter time stamp: 2015/02/18 14:00:00 <<<
>>> LogFilter time stamp: 2015/02/18 15:00:00 <<<
>>> LogFilter time stamp: 2015/02/18 16:00:00 <<<
>>> LogFilter time stamp: 2015/02/18 17:00:00 <<<
>>> LogFilter time stamp: 2015/02/18 18:00:00 <<<
>>> LogFilter time stamp: 2015/02/18 19:00:00 <<<
>>> LogFilter time stamp: 2015/02/18 20:00:00 <<<
>>> LogFilter time stamp: 2015/02/18 21:00:00 <<<
21:46:54 -   Field name: Reflectivity
21:46:54 -   Volume size: 0
21:46:54 - WARNING - MdvxField::MdvxField
21:46:54 -   Field name: DBZ
21:46:54 -   Volume size: 0
21:46:54 - WARNING - MdvxField::computeMinAndMax
21:46:54 -   Field name: DBZ
21:46:54 -   Volume size: 0
21:46:54 - WARNING - MdvxField::computeMinAndMax
21:46:54 -   Field name: DBZ
21:46:54 -   Volume size: 0
21:46:54 - WARNING - MdvxField::computeMinAndMax
21:46:54 -   Field name: DBZ
21:46:54 -   Volume size: 0
21:46:54 - WARNING - MdvxField::computeMinAndMax
21:46:54 -   Field name: DBZ
21:46:54 -   Volume size: 0
21:46:54 - WARNING - MdvxField::computeMinAndMax
21:46:54 -   Field name: DBZ
21:46:54 -   Volume size: 0
21:46:54 - WARNING - MdvxField::computeMinAndMax
>>> LogFilter time stamp: 2015/02/18 22:00:00 <<<
>>> LogFilter time stamp: 2015/02/18 23:00:00 <<<
