01:29:43 - Server has opened ServerSocket at port 5435.
01:33:41 - DsMdvServer -port 5440: no such process
01:33:41 - Forked child, PID: 8495
01:33:42 -   Now exec: 
01:33:42 -   DsMdvServer -port 5440 -instance manager -qmax -1
01:33:42 - NcMdvServer -port 5482: no such process
01:33:42 - Forked child, PID: 8518
01:33:42 -   Now exec: 
>>> LogFilter time stamp: 2014/11/22 02:00:00 <<<
>>> LogFilter time stamp: 2014/11/22 03:00:00 <<<
>>> LogFilter time stamp: 2014/11/22 04:00:00 <<<
>>> LogFilter time stamp: 2014/11/22 05:00:00 <<<
>>> LogFilter time stamp: 2014/11/22 06:00:00 <<<
>>> LogFilter time stamp: 2014/11/22 07:00:00 <<<
>>> LogFilter time stamp: 2014/11/22 08:00:00 <<<
>>> LogFilter time stamp: 2014/11/22 09:00:00 <<<
>>> LogFilter time stamp: 2014/11/22 10:00:00 <<<
>>> LogFilter time stamp: 2014/11/22 11:00:00 <<<
>>> LogFilter time stamp: 2014/11/22 12:00:00 <<<
>>> LogFilter time stamp: 2014/11/22 13:00:00 <<<
>>> LogFilter time stamp: 2014/11/22 14:00:00 <<<
>>> LogFilter time stamp: 2014/11/22 15:00:00 <<<
>>> LogFilter time stamp: 2014/11/22 16:00:00 <<<
>>> LogFilter time stamp: 2014/11/22 17:00:00 <<<
>>> LogFilter time stamp: 2014/11/22 18:00:00 <<<
>>> LogFilter time stamp: 2014/11/22 19:00:00 <<<
>>> LogFilter time stamp: 2014/11/22 20:00:00 <<<
>>> LogFilter time stamp: 2014/11/22 21:00:00 <<<
>>> LogFilter time stamp: 2014/11/22 22:00:00 <<<
>>> LogFilter time stamp: 2014/11/22 23:00:00 <<<
