>>> LogFilter time stamp: 2015/03/18 00:00:00 <<<
>>> LogFilter time stamp: 2015/03/18 01:00:00 <<<
>>> LogFilter time stamp: 2015/03/18 02:00:00 <<<
>>> LogFilter time stamp: 2015/03/18 03:00:00 <<<
>>> LogFilter time stamp: 2015/03/18 04:00:00 <<<
>>> LogFilter time stamp: 2015/03/18 05:00:00 <<<
>>> LogFilter time stamp: 2015/03/18 06:00:00 <<<
>>> LogFilter time stamp: 2015/03/18 07:00:00 <<<
>>> LogFilter time stamp: 2015/03/18 08:00:00 <<<
>>> LogFilter time stamp: 2015/03/18 09:00:00 <<<
>>> LogFilter time stamp: 2015/03/18 10:00:00 <<<
>>> LogFilter time stamp: 2015/03/18 11:00:00 <<<
>>> LogFilter time stamp: 2015/03/18 12:00:00 <<<
>>> LogFilter time stamp: 2015/03/18 13:00:00 <<<
>>> LogFilter time stamp: 2015/03/18 14:00:00 <<<
>>> LogFilter time stamp: 2015/03/18 15:00:00 <<<
>>> LogFilter time stamp: 2015/03/18 16:00:00 <<<
>>> LogFilter time stamp: 2015/03/18 17:00:00 <<<
17:17:25 -   Now exec: 
17:17:25 -   NcMdvServer -port 5482 -instance manager -qmax -1
17:17:25 - 66666666666666666
17:17:25 - 5555555555 0, lat, lon: 24.3844, 54.4339
17:17:25 - 5555555555 last-1, lat, lon: 24.6673, 53.5322
17:17:29 - sssssssssssssssss nSamplePts: 500
17:17:29 - sssssssssssss 0, lat, lon: 24.3844, 54.4339
17:17:29 - sssssssssssss last, lat, lon: 24.6673, 53.5322
17:17:29 - 66666666666666666
17:17:29 - 5555555555 0, lat, lon: 24.3844, 54.4339
17:17:29 - 5555555555 last-1, lat, lon: 24.6673, 53.5322
17:17:51 - sssssssssssssssss nSamplePts: 500
17:17:51 - sssssssssssss 0, lat, lon: 24.3844, 54.4339
17:17:51 - sssssssssssss last, lat, lon: 24.6673, 53.5322
17:17:51 - 66666666666666666
17:17:51 - 5555555555 0, lat, lon: 24.2274, 53.7158
17:17:51 - 5555555555 last-1, lat, lon: 24.8088, 54.235
17:18:08 - sssssssssssssssss nSamplePts: 500
17:18:08 - sssssssssssss 0, lat, lon: 24.2274, 53.7158
17:18:08 - sssssssssssss last, lat, lon: 24.8088, 54.235
17:18:08 - 66666666666666666
17:18:08 - 5555555555 0, lat, lon: 24.2274, 53.7158
17:18:08 - 5555555555 last-1, lat, lon: 24.8088, 54.235
17:18:20 - sssssssssssssssss nSamplePts: 500
17:18:20 - sssssssssssss 0, lat, lon: 24.2274, 53.7158
17:18:20 - sssssssssssss last, lat, lon: 24.8088, 54.235
17:18:20 - 66666666666666666
17:18:20 - 5555555555 0, lat, lon: 24.2274, 53.7158
17:18:20 - 5555555555 last-1, lat, lon: 24.8088, 54.235
17:18:55 - sssssssssssssssss nSamplePts: 500
17:18:55 - sssssssssssss 0, lat, lon: 24.2274, 53.7158
17:18:55 - sssssssssssss last, lat, lon: 24.8088, 54.235
17:18:55 - 66666666666666666
17:18:55 - 5555555555 0, lat, lon: 24.2274, 53.7158
17:18:55 - 5555555555 last-1, lat, lon: 24.8088, 54.235
17:18:57 - sssssssssssssssss nSamplePts: 500
17:18:57 - sssssssssssss 0, lat, lon: 24.2274, 53.7158
17:18:57 - sssssssssssss last, lat, lon: 24.8088, 54.235
17:18:57 - 66666666666666666
17:18:57 - 5555555555 0, lat, lon: 24.2274, 53.7158
17:18:57 - 5555555555 last-1, lat, lon: 24.8088, 54.235
17:19:01 - sssssssssssssssss nSamplePts: 500
17:19:01 - sssssssssssss 0, lat, lon: 24.2274, 53.7158
17:19:01 - sssssssssssss last, lat, lon: 24.8088, 54.235
17:19:01 - 66666666666666666
17:19:01 - 5555555555 0, lat, lon: 24.2274, 53.7158
17:19:01 - 5555555555 last-1, lat, lon: 24.8088, 54.235
17:19:40 - sssssssssssssssss nSamplePts: 500
17:19:40 - sssssssssssss 0, lat, lon: 24.2274, 53.7158
17:19:40 - sssssssssssss last, lat, lon: 24.8088, 54.235
17:19:40 - 66666666666666666
17:19:40 - 5555555555 0, lat, lon: 24.2274, 53.7158
17:19:40 - 5555555555 last-1, lat, lon: 24.8088, 54.235
17:19:43 - sssssssssssssssss nSamplePts: 500
17:19:43 - sssssssssssss 0, lat, lon: 24.2274, 53.7158
17:19:43 - sssssssssssss last, lat, lon: 24.8088, 54.235
17:19:43 - 66666666666666666
17:19:43 - 5555555555 0, lat, lon: 24.2274, 53.7158
17:19:43 - 5555555555 last-1, lat, lon: 24.8088, 54.235
17:19:48 - sssssssssssssssss nSamplePts: 500
17:19:48 - sssssssssssss 0, lat, lon: 24.2274, 53.7158
17:19:48 - sssssssssssss last, lat, lon: 24.8088, 54.235
17:19:48 - 66666666666666666
17:19:48 - 5555555555 0, lat, lon: 24.2274, 53.7158
17:19:48 - 5555555555 last-1, lat, lon: 24.8088, 54.235
17:20:18 - sssssssssssssssss nSamplePts: 500
17:20:18 - sssssssssssss 0, lat, lon: 24.2274, 53.7158
17:20:18 - sssssssssssss last, lat, lon: 24.8088, 54.235
17:20:18 - 66666666666666666
17:20:18 - 5555555555 0, lat, lon: 24.2274, 53.7158
17:20:18 - 5555555555 last-1, lat, lon: 24.8088, 54.235
17:20:24 - sssssssssssssssss nSamplePts: 500
17:20:24 - sssssssssssss 0, lat, lon: 24.2274, 53.7158
17:20:24 - sssssssssssss last, lat, lon: 24.8088, 54.235
17:20:24 - 66666666666666666
17:20:24 - 5555555555 0, lat, lon: 24.2274, 53.7158
17:20:24 - 5555555555 last-1, lat, lon: 24.8088, 54.235
17:20:26 - sssssssssssssssss nSamplePts: 500
17:20:26 - sssssssssssss 0, lat, lon: 24.2274, 53.7158
17:20:26 - sssssssssssss last, lat, lon: 24.8088, 54.235
17:20:26 - 66666666666666666
17:20:26 - 5555555555 0, lat, lon: 24.2274, 53.7158
17:20:26 - 5555555555 last-1, lat, lon: 24.8088, 54.235
17:20:55 - sssssssssssssssss nSamplePts: 500
17:20:55 - sssssssssssss 0, lat, lon: 24.2274, 53.7158
17:20:55 - sssssssssssss last, lat, lon: 24.8088, 54.235
17:20:55 - 66666666666666666
17:20:56 - 5555555555 0, lat, lon: 24.2274, 53.7158
17:20:56 - 5555555555 last-1, lat, lon: 24.8088, 54.235
17:21:04 - sssssssssssssssss nSamplePts: 500
17:21:04 - sssssssssssss 0, lat, lon: 24.2274, 53.7158
17:21:04 - sssssssssssss last, lat, lon: 24.8088, 54.235
17:21:04 - 66666666666666666
17:21:04 - 5555555555 0, lat, lon: 24.2274, 53.7158
17:21:04 - 5555555555 last-1, lat, lon: 24.8088, 54.235
17:21:10 - sssssssssssssssss nSamplePts: 500
17:21:10 - sssssssssssss 0, lat, lon: 24.2274, 53.7158
17:21:10 - sssssssssssss last, lat, lon: 24.8088, 54.235
17:21:10 - 66666666666666666
17:21:10 - 5555555555 0, lat, lon: 24.2274, 53.7158
17:21:10 - 5555555555 last-1, lat, lon: 24.8088, 54.235
17:21:30 - sssssssssssssssss nSamplePts: 500
17:21:30 - sssssssssssss 0, lat, lon: 24.2274, 53.7158
17:21:30 - sssssssssssss last, lat, lon: 24.8088, 54.235
17:21:30 - 66666666666666666
17:21:30 - 5555555555 0, lat, lon: 24.2274, 53.7158
17:21:30 - 5555555555 last-1, lat, lon: 24.8088, 54.235
17:21:47 - sssssssssssssssss nSamplePts: 500
17:21:47 - sssssssssssss 0, lat, lon: 24.2274, 53.7158
17:21:47 - sssssssssssss last, lat, lon: 24.8088, 54.235
17:21:47 - 66666666666666666
17:21:47 - 5555555555 0, lat, lon: 24.2274, 53.7158
17:21:47 - 5555555555 last-1, lat, lon: 24.8088, 54.235
17:21:51 - sssssssssssssssss nSamplePts: 500
17:21:51 - sssssssssssss 0, lat, lon: 24.2274, 53.7158
17:21:51 - sssssssssssss last, lat, lon: 24.8088, 54.235
17:21:51 - 66666666666666666
17:21:51 - 5555555555 0, lat, lon: 24.2274, 53.7158
17:21:51 - 5555555555 last-1, lat, lon: 24.8088, 54.235
17:21:57 - sssssssssssssssss nSamplePts: 500
17:21:57 - sssssssssssss 0, lat, lon: 24.2274, 53.7158
17:21:57 - sssssssssssss last, lat, lon: 24.8088, 54.235
17:21:57 - 66666666666666666
17:21:58 - 5555555555 0, lat, lon: 24.2274, 53.7158
17:21:58 - 5555555555 last-1, lat, lon: 24.8088, 54.235
17:22:04 - sssssssssssssssss nSamplePts: 500
17:22:04 - sssssssssssss 0, lat, lon: 24.2274, 53.7158
17:22:04 - sssssssssssss last, lat, lon: 24.8088, 54.235
17:22:04 - 66666666666666666
17:22:05 - 5555555555 0, lat, lon: 24.2274, 53.7158
17:22:05 - 5555555555 last-1, lat, lon: 24.8088, 54.235
17:22:15 - sssssssssssssssss nSamplePts: 500
17:22:15 - sssssssssssss 0, lat, lon: 24.2274, 53.7158
17:22:15 - sssssssssssss last, lat, lon: 24.8088, 54.235
17:22:15 - 66666666666666666
17:22:15 - 5555555555 0, lat, lon: 24.2274, 53.7158
17:22:15 - 5555555555 last-1, lat, lon: 24.8088, 54.235
17:22:16 - sssssssssssssssss nSamplePts: 500
17:22:16 - sssssssssssss 0, lat, lon: 24.2274, 53.7158
17:22:16 - sssssssssssss last, lat, lon: 24.8088, 54.235
17:22:16 - 66666666666666666
17:22:16 - 5555555555 0, lat, lon: 24.2274, 53.7158
17:22:16 - 5555555555 last-1, lat, lon: 24.8088, 54.235
17:22:21 - sssssssssssssssss nSamplePts: 500
17:22:21 - sssssssssssss 0, lat, lon: 24.2274, 53.7158
17:22:21 - sssssssssssss last, lat, lon: 24.8088, 54.235
17:22:21 - 66666666666666666
17:22:21 - 5555555555 0, lat, lon: 24.2274, 53.7158
17:22:21 - 5555555555 last-1, lat, lon: 24.8088, 54.235
17:22:37 - sssssssssssssssss nSamplePts: 500
17:22:37 - sssssssssssss 0, lat, lon: 24.2274, 53.7158
17:22:37 - sssssssssssss last, lat, lon: 24.8088, 54.235
17:22:37 - 66666666666666666
17:22:37 - 5555555555 0, lat, lon: 24.2274, 53.7158
17:22:37 - 5555555555 last-1, lat, lon: 24.8088, 54.235
17:22:43 - sssssssssssssssss nSamplePts: 500
17:22:43 - sssssssssssss 0, lat, lon: 24.2274, 53.7158
17:22:43 - sssssssssssss last, lat, lon: 24.8088, 54.235
17:22:43 - 66666666666666666
17:22:43 - 5555555555 0, lat, lon: 24.2274, 53.7158
17:22:43 - 5555555555 last-1, lat, lon: 24.8088, 54.235
17:22:45 - sssssssssssssssss nSamplePts: 500
17:22:45 - sssssssssssss 0, lat, lon: 24.2274, 53.7158
17:22:45 - sssssssssssss last, lat, lon: 24.8088, 54.235
17:22:45 - 66666666666666666
17:22:45 - 5555555555 0, lat, lon: 24.2274, 53.7158
17:22:45 - 5555555555 last-1, lat, lon: 24.8088, 54.235
17:22:48 - sssssssssssssssss nSamplePts: 500
17:22:48 - sssssssssssss 0, lat, lon: 24.2274, 53.7158
17:22:48 - sssssssssssss last, lat, lon: 24.8088, 54.235
17:22:48 - 66666666666666666
17:22:48 - 5555555555 0, lat, lon: 24.2274, 53.7158
17:22:48 - 5555555555 last-1, lat, lon: 24.8088, 54.235
17:22:51 - sssssssssssssssss nSamplePts: 500
17:22:51 - sssssssssssss 0, lat, lon: 24.2274, 53.7158
17:22:51 - sssssssssssss last, lat, lon: 24.8088, 54.235
17:22:51 - 66666666666666666
17:22:51 - 5555555555 0, lat, lon: 24.2274, 53.7158
17:22:51 - 5555555555 last-1, lat, lon: 24.8088, 54.235
17:22:53 - sssssssssssssssss nSamplePts: 500
17:22:53 - sssssssssssss 0, lat, lon: 24.2274, 53.7158
17:22:53 - sssssssssssss last, lat, lon: 24.8088, 54.235
17:22:53 - 66666666666666666
17:22:53 - 5555555555 0, lat, lon: 24.2274, 53.7158
17:22:53 - 5555555555 last-1, lat, lon: 24.8088, 54.235
17:22:56 - sssssssssssssssss nSamplePts: 500
17:22:56 - sssssssssssss 0, lat, lon: 24.2274, 53.7158
17:22:56 - sssssssssssss last, lat, lon: 24.8088, 54.235
17:22:56 - 66666666666666666
17:22:56 - 5555555555 0, lat, lon: 24.2274, 53.7158
17:22:56 - 5555555555 last-1, lat, lon: 24.8088, 54.235
17:22:58 - sssssssssssssssss nSamplePts: 500
17:22:58 - sssssssssssss 0, lat, lon: 24.2274, 53.7158
17:22:58 - sssssssssssss last, lat, lon: 24.8088, 54.235
17:22:58 - 66666666666666666
17:22:59 - 5555555555 0, lat, lon: 24.2274, 53.7158
17:22:59 - 5555555555 last-1, lat, lon: 24.8088, 54.235
17:23:05 - sssssssssssssssss nSamplePts: 500
17:23:05 - sssssssssssss 0, lat, lon: 24.2274, 53.7158
17:23:05 - sssssssssssss last, lat, lon: 24.8088, 54.235
17:23:05 - 66666666666666666
17:23:05 - 5555555555 0, lat, lon: 24.2274, 53.7158
17:23:05 - 5555555555 last-1, lat, lon: 24.8088, 54.235
17:23:19 - sssssssssssssssss nSamplePts: 500
17:23:19 - sssssssssssss 0, lat, lon: 24.2274, 53.7158
17:23:19 - sssssssssssss last, lat, lon: 24.8088, 54.235
17:23:19 - 66666666666666666
17:23:19 - 5555555555 0, lat, lon: 24.2274, 53.7158
17:23:19 - 5555555555 last-1, lat, lon: 24.8088, 54.235
>>> LogFilter time stamp: 2015/03/18 18:00:00 <<<
>>> LogFilter time stamp: 2015/03/18 19:00:00 <<<
>>> LogFilter time stamp: 2015/03/18 20:00:00 <<<
>>> LogFilter time stamp: 2015/03/18 21:00:00 <<<
>>> LogFilter time stamp: 2015/03/18 22:00:00 <<<
>>> LogFilter time stamp: 2015/03/18 23:00:00 <<<
