>>> LogFilter time stamp: 2015/12/20 00:00:00 <<<
00:35:14 -   Field name: DBZ
00:35:14 -   Volume size: 0
00:35:14 - SunCal2Symprod -port 5487: no such process
00:35:14 - Forked child, PID: 30788
>>> LogFilter time stamp: 2015/12/20 01:00:00 <<<
>>> LogFilter time stamp: 2015/12/20 02:00:00 <<<
>>> LogFilter time stamp: 2015/12/20 03:00:00 <<<
>>> LogFilter time stamp: 2015/12/20 04:00:00 <<<
>>> LogFilter time stamp: 2015/12/20 05:00:00 <<<
>>> LogFilter time stamp: 2015/12/20 06:00:00 <<<
>>> LogFilter time stamp: 2015/12/20 07:00:00 <<<
>>> LogFilter time stamp: 2015/12/20 08:00:00 <<<
>>> LogFilter time stamp: 2015/12/20 09:00:00 <<<
>>> LogFilter time stamp: 2015/12/20 10:00:00 <<<
>>> LogFilter time stamp: 2015/12/20 11:00:00 <<<
>>> LogFilter time stamp: 2015/12/20 12:00:00 <<<
>>> LogFilter time stamp: 2015/12/20 13:00:00 <<<
>>> LogFilter time stamp: 2015/12/20 14:00:00 <<<
>>> LogFilter time stamp: 2015/12/20 15:00:00 <<<
>>> LogFilter time stamp: 2015/12/20 16:00:00 <<<
>>> LogFilter time stamp: 2015/12/20 17:00:00 <<<
>>> LogFilter time stamp: 2015/12/20 18:00:00 <<<
>>> LogFilter time stamp: 2015/12/20 19:00:00 <<<
>>> LogFilter time stamp: 2015/12/20 20:00:00 <<<
>>> LogFilter time stamp: 2015/12/20 21:00:00 <<<
>>> LogFilter time stamp: 2015/12/20 22:00:00 <<<
>>> LogFilter time stamp: 2015/12/20 23:00:00 <<<
