02:15:36 - Server has opened ServerSocket at port 5435.
02:15:37 - DsMdvServer -port 5440: no such process
02:15:37 - Forked child, PID: 31361
02:15:38 -   Now exec: 
02:15:38 -   DsMdvServer -port 5440 -instance manager -qmax -1
02:15:38 - NcMdvServer -port 5482: no such process
02:15:38 - Forked child, PID: 31389
02:15:38 -   Now exec: 
>>> LogFilter time stamp: 2015/03/22 03:00:00 <<<
>>> LogFilter time stamp: 2015/03/22 04:00:00 <<<
>>> LogFilter time stamp: 2015/03/22 05:00:00 <<<
>>> LogFilter time stamp: 2015/03/22 06:00:00 <<<
>>> LogFilter time stamp: 2015/03/22 07:00:00 <<<
>>> LogFilter time stamp: 2015/03/22 08:00:00 <<<
>>> LogFilter time stamp: 2015/03/22 09:00:00 <<<
>>> LogFilter time stamp: 2015/03/22 10:00:00 <<<
>>> LogFilter time stamp: 2015/03/22 11:00:00 <<<
>>> LogFilter time stamp: 2015/03/22 12:00:00 <<<
>>> LogFilter time stamp: 2015/03/22 13:00:00 <<<
>>> LogFilter time stamp: 2015/03/22 14:00:00 <<<
>>> LogFilter time stamp: 2015/03/22 15:00:00 <<<
>>> LogFilter time stamp: 2015/03/22 16:00:00 <<<
>>> LogFilter time stamp: 2015/03/22 17:00:00 <<<
>>> LogFilter time stamp: 2015/03/22 18:00:00 <<<
>>> LogFilter time stamp: 2015/03/22 19:00:00 <<<
>>> LogFilter time stamp: 2015/03/22 20:00:00 <<<
>>> LogFilter time stamp: 2015/03/22 21:00:00 <<<
>>> LogFilter time stamp: 2015/03/22 22:00:00 <<<
>>> LogFilter time stamp: 2015/03/22 23:00:00 <<<
