>>> LogFilter time stamp: 2015/02/25 00:00:00 <<<
00:50:01 -   Field name: DBZ
00:50:01 -   Volume size: 0
00:50:01 - DsSpdbServer -port 5441: no such process
00:50:01 - Forked child, PID: 31754
00:50:01 -   Now exec: 
00:50:01 -   DsSpdbServer -port 5441 -instance manager -qmax -1
00:50:01 - Rhi2Symprod -port 5473: no such process
00:50:01 - Forked child, PID: 31755
>>> LogFilter time stamp: 2015/02/25 01:00:00 <<<
>>> LogFilter time stamp: 2015/02/25 02:00:00 <<<
>>> LogFilter time stamp: 2015/02/25 03:00:00 <<<
>>> LogFilter time stamp: 2015/02/25 04:00:00 <<<
>>> LogFilter time stamp: 2015/02/25 05:00:00 <<<
>>> LogFilter time stamp: 2015/02/25 06:00:00 <<<
>>> LogFilter time stamp: 2015/02/25 07:00:00 <<<
>>> LogFilter time stamp: 2015/02/25 08:00:00 <<<
>>> LogFilter time stamp: 2015/02/25 09:00:00 <<<
>>> LogFilter time stamp: 2015/02/25 10:00:00 <<<
>>> LogFilter time stamp: 2015/02/25 11:00:00 <<<
>>> LogFilter time stamp: 2015/02/25 12:00:00 <<<
>>> LogFilter time stamp: 2015/02/25 13:00:00 <<<
>>> LogFilter time stamp: 2015/02/25 14:00:00 <<<
>>> LogFilter time stamp: 2015/02/25 15:00:00 <<<
>>> LogFilter time stamp: 2015/02/25 16:00:00 <<<
>>> LogFilter time stamp: 2015/02/25 17:00:00 <<<
>>> LogFilter time stamp: 2015/02/25 18:00:00 <<<
>>> LogFilter time stamp: 2015/02/25 19:00:00 <<<
>>> LogFilter time stamp: 2015/02/25 20:00:00 <<<
>>> LogFilter time stamp: 2015/02/25 21:00:00 <<<
>>> LogFilter time stamp: 2015/02/25 22:00:00 <<<
>>> LogFilter time stamp: 2015/02/25 23:00:00 <<<
