22:33:43 - Server has opened ServerSocket at port 5435.
22:34:07 - NcMdvServer -port 5482: no such process
22:34:07 - Forked child, PID: 20903
22:34:07 -   Now exec: 
22:34:07 -   NcMdvServer -port 5482 -instance manager -qmax -1
22:34:07 - HDF5-DIAG: Error detected in HDF5 (1.8.11) thread 0:
22:34:07 -   #000: H5F.c line 854 in H5Fis_hdf5(): unable to open file
22:34:07 -     major: Low-level I/O
22:34:07 -     minor: Unable to initialize object
22:34:07 -   #001: H5FD.c line 987 in H5FD_open(): open failed
22:34:07 -     major: Virtual File Layer
22:34:07 -     minor: Unable to initialize object
22:34:07 -   #002: H5FDsec2.c line 343 in H5FD_sec2_open(): unable to open file: name = './kthx/20131222/khtx_20131222_010445.nc', errno = 2, error message = 'No such file or directory', flags = 0, o_flags = 0
22:34:07 -     major: File accessibilty
22:34:07 -     minor: Unable to open file
22:34:07 - terminate called after throwing an instance of 'H5::FileIException'
22:34:37 - WARNING: DsServerMgr reaped child with pid: 20903 which had a BAD EXIT. 
22:48:54 - DsMdvServer -port 5440: no such process
22:48:54 - Forked child, PID: 21279
22:49:11 -   Now exec: 
22:49:11 -   DsMdvServer -port 5440 -instance manager -qmax -1
22:49:11 - WARNING: DsServerMgr reaped child with pid: 21279 which had a BAD EXIT. 
>>> LogFilter time stamp: 2015/07/24 23:00:00 <<<
23:06:09 - NcMdvServer -port 5482: no such process
23:06:09 - Forked child, PID: 26205
23:06:09 -   Now exec: 
23:06:09 -   NcMdvServer -port 5482 -instance manager -qmax -1
23:06:09 - FFFFFFFFFFFFFFFFFFFFFFFFFF
23:14:44 - FFFFFFFFFFFFFFFFFFFFFFFFFF
23:14:45 - FFFFFFFFFFFFFFFFFFFFFFFFFF
23:14:47 - FFFFFFFFFFFFFFFFFFFFFFFFFF
23:14:48 - FFFFFFFFFFFFFFFFFFFFFFFFFF
23:14:50 - FFFFFFFFFFFFFFFFFFFFFFFFFF
23:14:52 - FFFFFFFFFFFFFFFFFFFFFFFFFF
23:14:54 - ERROR - COMM - NcMdvServer::HandleDataCommand.
23:15:37 -   Sending message to server.
23:15:37 - ERROR - COMM - Socket::writeHeader(): Cannot write header.
23:15:37 - FFFFFFFFFFFFFFFFFFFFFFFFFF
23:15:39 - FFFFFFFFFFFFFFFFFFFFFFFFFF
23:15:41 - FFFFFFFFFFFFFFFFFFFFFFFFFF
23:15:43 - FFFFFFFFFFFFFFFFFFFFFFFFFF
23:15:45 - FFFFFFFFFFFFFFFFFFFFFFFFFF
23:15:46 - FFFFFFFFFFFFFFFFFFFFFFFFFF
23:15:49 - FFFFFFFFFFFFFFFFFFFFFFFFFF
23:16:19 - FFFFFFFFFFFFFFFFFFFFFFFFFF
23:16:21 - FFFFFFFFFFFFFFFFFFFFFFFFFF
23:16:22 - FFFFFFFFFFFFFFFFFFFFFFFFFF
23:16:24 - FFFFFFFFFFFFFFFFFFFFFFFFFF
23:16:26 - FFFFFFFFFFFFFFFFFFFFFFFFFF
23:16:28 - FFFFFFFFFFFFFFFFFFFFFFFFFF
23:16:30 - FFFFFFFFFFFFFFFFFFFFFFFFFF
23:16:39 - WARNING: DsServerMgr reaped child with pid: 26205 which had a BAD EXIT. 
23:27:18 - DsMdvServer -port 5440: no such process
23:27:18 - Forked child, PID: 28542
23:27:18 -   Now exec: 
23:27:19 -   DsMdvServer -port 5440 -instance manager -qmax -1
23:27:19 - NcMdvServer -port 5482: no such process
23:27:19 - Forked child, PID: 28563
23:27:19 -   Now exec: 
23:27:19 -   NcMdvServer -port 5482 -instance manager -qmax -1
23:27:19 - FFFFFFFFFFFFFFFFFFFFFFFFFF
23:27:19 - FFFFFFFFFFFFFFFFFFFFFFFFFF
23:27:20 - FFFFFFFFFFFFFFFFFFFFFFFFFF
23:27:20 - FFFFFFFFFFFFFFFFFFFFFFFFFF
23:27:20 - FFFFFFFFFFFFFFFFFFFFFFFFFF
23:27:21 - FFFFFFFFFFFFFFFFFFFFFFFFFF
23:27:21 - FFFFFFFFFFFFFFFFFFFFFFFFFF
23:27:21 - FFFFFFFFFFFFFFFFFFFFFFFFFF
23:27:21 - FFFFFFFFFFFFFFFFFFFFFFFFFF
23:27:22 - FFFFFFFFFFFFFFFFFFFFFFFFFF
23:27:22 - FFFFFFFFFFFFFFFFFFFFFFFFFF
23:27:23 - FFFFFFFFFFFFFFFFFFFFFFFFFF
23:27:23 - FFFFFFFFFFFFFFFFFFFFFFFFFF
23:27:23 - FFFFFFFFFFFFFFFFFFFFFFFFFF
23:27:24 - FFFFFFFFFFFFFFFFFFFFFFFFFF
23:27:24 - FFFFFFFFFFFFFFFFFFFFFFFFFF
23:27:24 - FFFFFFFFFFFFFFFFFFFFFFFFFF
23:27:25 - FFFFFFFFFFFFFFFFFFFFFFFFFF
23:27:25 - FFFFFFFFFFFFFFFFFFFFFFFFFF
23:27:25 - FFFFFFFFFFFFFFFFFFFFFFFFFF
23:27:26 - FFFFFFFFFFFFFFFFFFFFFFFFFF
23:27:26 - FFFFFFFFFFFFFFFFFFFFFFFFFF
23:27:26 - FFFFFFFFFFFFFFFFFFFFFFFFFF
23:27:27 - FFFFFFFFFFFFFFFFFFFFFFFFFF
23:27:27 - FFFFFFFFFFFFFFFFFFFFFFFFFF
23:27:28 - FFFFFFFFFFFFFFFFFFFFFFFFFF
23:27:28 - FFFFFFFFFFFFFFFFFFFFFFFFFF
23:27:28 - FFFFFFFFFFFFFFFFFFFFFFFFFF
23:27:29 - FFFFFFFFFFFFFFFFFFFFFFFFFF
23:27:30 - FFFFFFFFFFFFFFFFFFFFFFFFFF
23:27:30 - FFFFFFFFFFFFFFFFFFFFFFFFFF
23:27:30 - FFFFFFFFFFFFFFFFFFFFFFFFFF
23:27:31 - FFFFFFFFFFFFFFFFFFFFFFFFFF
23:27:31 - FFFFFFFFFFFFFFFFFFFFFFFFFF
23:27:32 - FFFFFFFFFFFFFFFFFFFFFFFFFF
23:27:32 - FFFFFFFFFFFFFFFFFFFFFFFFFF
23:27:32 - FFFFFFFFFFFFFFFFFFFFFFFFFF
23:27:33 - FFFFFFFFFFFFFFFFFFFFFFFFFF
23:27:33 - FFFFFFFFFFFFFFFFFFFFFFFFFF
23:27:34 - FFFFFFFFFFFFFFFFFFFFFFFFFF
23:27:34 - FFFFFFFFFFFFFFFFFFFFFFFFFF
23:27:34 - FFFFFFFFFFFFFFFFFFFFFFFFFF
23:27:35 - FFFFFFFFFFFFFFFFFFFFFFFFFF
23:27:35 - FFFFFFFFFFFFFFFFFFFFFFFFFF
23:27:35 - FFFFFFFFFFFFFFFFFFFFFFFFFF
23:27:36 - FFFFFFFFFFFFFFFFFFFFFFFFFF
23:27:36 - FFFFFFFFFFFFFFFFFFFFFFFFFF
23:27:37 - FFFFFFFFFFFFFFFFFFFFFFFFFF
23:27:37 - FFFFFFFFFFFFFFFFFFFFFFFFFF
23:27:37 - FFFFFFFFFFFFFFFFFFFFFFFFFF
23:27:38 - FFFFFFFFFFFFFFFFFFFFFFFFFF
23:27:38 - FFFFFFFFFFFFFFFFFFFFFFFFFF
23:27:39 - FFFFFFFFFFFFFFFFFFFFFFFFFF
23:27:39 - FFFFFFFFFFFFFFFFFFFFFFFFFF
23:27:39 - FFFFFFFFFFFFFFFFFFFFFFFFFF
23:27:40 - FFFFFFFFFFFFFFFFFFFFFFFFFF
23:27:40 - FFFFFFFFFFFFFFFFFFFFFFFFFF
23:27:40 - FFFFFFFFFFFFFFFFFFFFFFFFFF
23:27:41 - FFFFFFFFFFFFFFFFFFFFFFFFFF
23:27:41 - FFFFFFFFFFFFFFFFFFFFFFFFFF
23:27:42 - FFFFFFFFFFFFFFFFFFFFFFFFFF
23:27:42 - FFFFFFFFFFFFFFFFFFFFFFFFFF
23:27:42 - FFFFFFFFFFFFFFFFFFFFFFFFFF
23:27:43 - FFFFFFFFFFFFFFFFFFFFFFFFFF
23:27:43 - FFFFFFFFFFFFFFFFFFFFFFFFFF
23:27:43 - FFFFFFFFFFFFFFFFFFFFFFFFFF
23:27:44 - FFFFFFFFFFFFFFFFFFFFFFFFFF
23:27:44 - FFFFFFFFFFFFFFFFFFFFFFFFFF
23:27:45 - FFFFFFFFFFFFFFFFFFFFFFFFFF
23:27:45 - FFFFFFFFFFFFFFFFFFFFFFFFFF
23:27:45 - FFFFFFFFFFFFFFFFFFFFFFFFFF
23:27:46 - FFFFFFFFFFFFFFFFFFFFFFFFFF
23:27:46 - FFFFFFFFFFFFFFFFFFFFFFFFFF
23:27:47 - FFFFFFFFFFFFFFFFFFFFFFFFFF
23:27:47 - FFFFFFFFFFFFFFFFFFFFFFFFFF
23:27:47 - FFFFFFFFFFFFFFFFFFFFFFFFFF
23:27:47 - FFFFFFFFFFFFFFFFFFFFFFFFFF
23:27:48 - FFFFFFFFFFFFFFFFFFFFFFFFFF
23:27:48 - FFFFFFFFFFFFFFFFFFFFFFFFFF
23:27:49 - FFFFFFFFFFFFFFFFFFFFFFFFFF
23:27:49 - FFFFFFFFFFFFFFFFFFFFFFFFFF
23:27:49 - FFFFFFFFFFFFFFFFFFFFFFFFFF
23:27:50 - FFFFFFFFFFFFFFFFFFFFFFFFFF
23:27:50 - FFFFFFFFFFFFFFFFFFFFFFFFFF
23:27:51 - FFFFFFFFFFFFFFFFFFFFFFFFFF
23:27:51 - FFFFFFFFFFFFFFFFFFFFFFFFFF
23:27:51 - FFFFFFFFFFFFFFFFFFFFFFFFFF
23:27:52 - FFFFFFFFFFFFFFFFFFFFFFFFFF
23:27:52 - FFFFFFFFFFFFFFFFFFFFFFFFFF
23:27:53 - FFFFFFFFFFFFFFFFFFFFFFFFFF
23:27:53 - FFFFFFFFFFFFFFFFFFFFFFFFFF
23:27:53 - FFFFFFFFFFFFFFFFFFFFFFFFFF
23:27:54 - FFFFFFFFFFFFFFFFFFFFFFFFFF
23:27:54 - FFFFFFFFFFFFFFFFFFFFFFFFFF
23:27:55 - FFFFFFFFFFFFFFFFFFFFFFFFFF
23:27:55 - FFFFFFFFFFFFFFFFFFFFFFFFFF
23:27:55 - FFFFFFFFFFFFFFFFFFFFFFFFFF
23:27:56 - FFFFFFFFFFFFFFFFFFFFFFFFFF
23:27:56 - FFFFFFFFFFFFFFFFFFFFFFFFFF
23:27:57 - FFFFFFFFFFFFFFFFFFFFFFFFFF
23:27:57 - FFFFFFFFFFFFFFFFFFFFFFFFFF
23:27:58 - FFFFFFFFFFFFFFFFFFFFFFFFFF
23:27:58 - FFFFFFFFFFFFFFFFFFFFFFFFFF
23:27:58 - FFFFFFFFFFFFFFFFFFFFFFFFFF
23:27:59 - FFFFFFFFFFFFFFFFFFFFFFFFFF
23:27:59 - FFFFFFFFFFFFFFFFFFFFFFFFFF
23:28:00 - FFFFFFFFFFFFFFFFFFFFFFFFFF
23:28:00 - FFFFFFFFFFFFFFFFFFFFFFFFFF
23:28:01 - FFFFFFFFFFFFFFFFFFFFFFFFFF
23:28:01 - FFFFFFFFFFFFFFFFFFFFFFFFFF
23:28:01 - FFFFFFFFFFFFFFFFFFFFFFFFFF
23:28:02 - FFFFFFFFFFFFFFFFFFFFFFFFFF
23:28:02 - FFFFFFFFFFFFFFFFFFFFFFFFFF
23:28:03 - FFFFFFFFFFFFFFFFFFFFFFFFFF
23:28:03 - FFFFFFFFFFFFFFFFFFFFFFFFFF
23:28:04 - FFFFFFFFFFFFFFFFFFFFFFFFFF
23:28:04 - FFFFFFFFFFFFFFFFFFFFFFFFFF
23:28:04 - FFFFFFFFFFFFFFFFFFFFFFFFFF
23:28:05 - FFFFFFFFFFFFFFFFFFFFFFFFFF
23:28:05 - FFFFFFFFFFFFFFFFFFFFFFFFFF
23:28:06 - FFFFFFFFFFFFFFFFFFFFFFFFFF
23:28:06 - FFFFFFFFFFFFFFFFFFFFFFFFFF
23:28:06 - FFFFFFFFFFFFFFFFFFFFFFFFFF
23:28:07 - FFFFFFFFFFFFFFFFFFFFFFFFFF
23:28:07 - FFFFFFFFFFFFFFFFFFFFFFFFFF
23:28:08 - FFFFFFFFFFFFFFFFFFFFFFFFFF
23:28:08 - FFFFFFFFFFFFFFFFFFFFFFFFFF
23:28:09 - FFFFFFFFFFFFFFFFFFFFFFFFFF
23:28:09 - FFFFFFFFFFFFFFFFFFFFFFFFFF
23:28:10 - FFFFFFFFFFFFFFFFFFFFFFFFFF
23:28:10 - FFFFFFFFFFFFFFFFFFFFFFFFFF
23:28:11 - FFFFFFFFFFFFFFFFFFFFFFFFFF
23:28:11 - FFFFFFFFFFFFFFFFFFFFFFFFFF
23:28:11 - FFFFFFFFFFFFFFFFFFFFFFFFFF
23:28:12 - FFFFFFFFFFFFFFFFFFFFFFFFFF
23:31:06 - FFFFFFFFFFFFFFFFFFFFFFFFFF
23:31:06 - FFFFFFFFFFFFFFFFFFFFFFFFFF
23:31:06 - FFFFFFFFFFFFFFFFFFFFFFFFFF
23:31:07 - FFFFFFFFFFFFFFFFFFFFFFFFFF
23:31:07 - FFFFFFFFFFFFFFFFFFFFFFFFFF
23:31:07 - FFFFFFFFFFFFFFFFFFFFFFFFFF
23:31:08 - FFFFFFFFFFFFFFFFFFFFFFFFFF
23:31:08 - FFFFFFFFFFFFFFFFFFFFFFFFFF
23:31:08 - FFFFFFFFFFFFFFFFFFFFFFFFFF
23:31:09 - FFFFFFFFFFFFFFFFFFFFFFFFFF
23:31:09 - FFFFFFFFFFFFFFFFFFFFFFFFFF
23:31:09 - FFFFFFFFFFFFFFFFFFFFFFFFFF
23:31:10 - FFFFFFFFFFFFFFFFFFFFFFFFFF
23:31:10 - FFFFFFFFFFFFFFFFFFFFFFFFFF
23:31:10 - FFFFFFFFFFFFFFFFFFFFFFFFFF
23:31:11 - FFFFFFFFFFFFFFFFFFFFFFFFFF
23:31:11 - FFFFFFFFFFFFFFFFFFFFFFFFFF
23:31:12 - FFFFFFFFFFFFFFFFFFFFFFFFFF
23:31:12 - FFFFFFFFFFFFFFFFFFFFFFFFFF
23:31:13 - FFFFFFFFFFFFFFFFFFFFFFFFFF
23:31:13 - FFFFFFFFFFFFFFFFFFFFFFFFFF
23:31:13 - FFFFFFFFFFFFFFFFFFFFFFFFFF
23:31:14 - FFFFFFFFFFFFFFFFFFFFFFFFFF
23:31:14 - FFFFFFFFFFFFFFFFFFFFFFFFFF
23:31:14 - FFFFFFFFFFFFFFFFFFFFFFFFFF
23:31:15 - FFFFFFFFFFFFFFFFFFFFFFFFFF
23:31:15 - FFFFFFFFFFFFFFFFFFFFFFFFFF
23:31:16 - FFFFFFFFFFFFFFFFFFFFFFFFFF
23:31:16 - FFFFFFFFFFFFFFFFFFFFFFFFFF
23:31:17 - FFFFFFFFFFFFFFFFFFFFFFFFFF
23:31:17 - FFFFFFFFFFFFFFFFFFFFFFFFFF
23:31:18 - FFFFFFFFFFFFFFFFFFFFFFFFFF
23:31:18 - FFFFFFFFFFFFFFFFFFFFFFFFFF
23:31:19 - FFFFFFFFFFFFFFFFFFFFFFFFFF
23:31:19 - FFFFFFFFFFFFFFFFFFFFFFFFFF
23:31:20 - FFFFFFFFFFFFFFFFFFFFFFFFFF
23:31:20 - FFFFFFFFFFFFFFFFFFFFFFFFFF
23:31:20 - FFFFFFFFFFFFFFFFFFFFFFFFFF
23:31:21 - FFFFFFFFFFFFFFFFFFFFFFFFFF
23:31:21 - FFFFFFFFFFFFFFFFFFFFFFFFFF
23:31:22 - FFFFFFFFFFFFFFFFFFFFFFFFFF
23:31:22 - FFFFFFFFFFFFFFFFFFFFFFFFFF
23:31:23 - FFFFFFFFFFFFFFFFFFFFFFFFFF
23:31:23 - FFFFFFFFFFFFFFFFFFFFFFFFFF
23:31:24 - FFFFFFFFFFFFFFFFFFFFFFFFFF
23:31:24 - FFFFFFFFFFFFFFFFFFFFFFFFFF
23:31:25 - FFFFFFFFFFFFFFFFFFFFFFFFFF
23:31:25 - FFFFFFFFFFFFFFFFFFFFFFFFFF
23:31:26 - FFFFFFFFFFFFFFFFFFFFFFFFFF
23:31:26 - FFFFFFFFFFFFFFFFFFFFFFFFFF
23:31:26 - FFFFFFFFFFFFFFFFFFFFFFFFFF
23:31:27 - FFFFFFFFFFFFFFFFFFFFFFFFFF
23:31:27 - FFFFFFFFFFFFFFFFFFFFFFFFFF
23:31:28 - FFFFFFFFFFFFFFFFFFFFFFFFFF
23:31:28 - FFFFFFFFFFFFFFFFFFFFFFFFFF
23:31:29 - FFFFFFFFFFFFFFFFFFFFFFFFFF
23:31:29 - FFFFFFFFFFFFFFFFFFFFFFFFFF
23:31:30 - FFFFFFFFFFFFFFFFFFFFFFFFFF
23:31:30 - FFFFFFFFFFFFFFFFFFFFFFFFFF
23:31:31 - FFFFFFFFFFFFFFFFFFFFFFFFFF
23:31:31 - FFFFFFFFFFFFFFFFFFFFFFFFFF
23:31:32 - FFFFFFFFFFFFFFFFFFFFFFFFFF
23:31:32 - FFFFFFFFFFFFFFFFFFFFFFFFFF
23:31:33 - FFFFFFFFFFFFFFFFFFFFFFFFFF
23:31:33 - FFFFFFFFFFFFFFFFFFFFFFFFFF
23:31:34 - FFFFFFFFFFFFFFFFFFFFFFFFFF
23:31:34 - FFFFFFFFFFFFFFFFFFFFFFFFFF
23:31:35 - FFFFFFFFFFFFFFFFFFFFFFFFFF
23:31:35 - FFFFFFFFFFFFFFFFFFFFFFFFFF
23:31:35 - FFFFFFFFFFFFFFFFFFFFFFFFFF
23:31:36 - FFFFFFFFFFFFFFFFFFFFFFFFFF
23:31:37 - FFFFFFFFFFFFFFFFFFFFFFFFFF
23:31:37 - FFFFFFFFFFFFFFFFFFFFFFFFFF
23:31:37 - FFFFFFFFFFFFFFFFFFFFFFFFFF
23:31:38 - FFFFFFFFFFFFFFFFFFFFFFFFFF
23:31:38 - FFFFFFFFFFFFFFFFFFFFFFFFFF
23:31:39 - FFFFFFFFFFFFFFFFFFFFFFFFFF
23:31:39 - FFFFFFFFFFFFFFFFFFFFFFFFFF
23:31:40 - FFFFFFFFFFFFFFFFFFFFFFFFFF
23:31:40 - FFFFFFFFFFFFFFFFFFFFFFFFFF
23:31:41 - FFFFFFFFFFFFFFFFFFFFFFFFFF
23:31:42 - FFFFFFFFFFFFFFFFFFFFFFFFFF
23:31:42 - FFFFFFFFFFFFFFFFFFFFFFFFFF
23:31:43 - FFFFFFFFFFFFFFFFFFFFFFFFFF
23:31:43 - FFFFFFFFFFFFFFFFFFFFFFFFFF
23:31:44 - FFFFFFFFFFFFFFFFFFFFFFFFFF
23:31:44 - FFFFFFFFFFFFFFFFFFFFFFFFFF
23:31:45 - FFFFFFFFFFFFFFFFFFFFFFFFFF
23:31:45 - FFFFFFFFFFFFFFFFFFFFFFFFFF
23:31:46 - FFFFFFFFFFFFFFFFFFFFFFFFFF
23:31:46 - FFFFFFFFFFFFFFFFFFFFFFFFFF
23:31:47 - FFFFFFFFFFFFFFFFFFFFFFFFFF
23:31:47 - FFFFFFFFFFFFFFFFFFFFFFFFFF
23:31:48 - FFFFFFFFFFFFFFFFFFFFFFFFFF
23:31:48 - FFFFFFFFFFFFFFFFFFFFFFFFFF
23:31:49 - FFFFFFFFFFFFFFFFFFFFFFFFFF
23:31:50 - FFFFFFFFFFFFFFFFFFFFFFFFFF
23:31:50 - FFFFFFFFFFFFFFFFFFFFFFFFFF
23:31:51 - FFFFFFFFFFFFFFFFFFFFFFFFFF
23:31:51 - FFFFFFFFFFFFFFFFFFFFFFFFFF
23:31:52 - FFFFFFFFFFFFFFFFFFFFFFFFFF
23:31:52 - FFFFFFFFFFFFFFFFFFFFFFFFFF
23:31:53 - FFFFFFFFFFFFFFFFFFFFFFFFFF
23:31:53 - FFFFFFFFFFFFFFFFFFFFFFFFFF
23:31:54 - FFFFFFFFFFFFFFFFFFFFFFFFFF
23:31:54 - FFFFFFFFFFFFFFFFFFFFFFFFFF
23:31:55 - FFFFFFFFFFFFFFFFFFFFFFFFFF
23:31:56 - FFFFFFFFFFFFFFFFFFFFFFFFFF
23:31:56 - FFFFFFFFFFFFFFFFFFFFFFFFFF
23:31:57 - FFFFFFFFFFFFFFFFFFFFFFFFFF
23:31:57 - FFFFFFFFFFFFFFFFFFFFFFFFFF
23:31:58 - FFFFFFFFFFFFFFFFFFFFFFFFFF
23:31:58 - FFFFFFFFFFFFFFFFFFFFFFFFFF
23:31:59 - FFFFFFFFFFFFFFFFFFFFFFFFFF
23:31:59 - FFFFFFFFFFFFFFFFFFFFFFFFFF
23:32:00 - FFFFFFFFFFFFFFFFFFFFFFFFFF
23:32:00 - FFFFFFFFFFFFFFFFFFFFFFFFFF
23:32:01 - FFFFFFFFFFFFFFFFFFFFFFFFFF
23:32:02 - FFFFFFFFFFFFFFFFFFFFFFFFFF
23:32:02 - FFFFFFFFFFFFFFFFFFFFFFFFFF
23:32:03 - FFFFFFFFFFFFFFFFFFFFFFFFFF
23:32:03 - FFFFFFFFFFFFFFFFFFFFFFFFFF
23:32:04 - FFFFFFFFFFFFFFFFFFFFFFFFFF
23:32:04 - FFFFFFFFFFFFFFFFFFFFFFFFFF
23:32:05 - FFFFFFFFFFFFFFFFFFFFFFFFFF
23:32:06 - FFFFFFFFFFFFFFFFFFFFFFFFFF
23:32:06 - FFFFFFFFFFFFFFFFFFFFFFFFFF
23:32:07 - FFFFFFFFFFFFFFFFFFFFFFFFFF
23:32:07 - FFFFFFFFFFFFFFFFFFFFFFFFFF
23:32:08 - FFFFFFFFFFFFFFFFFFFFFFFFFF
23:32:08 - FFFFFFFFFFFFFFFFFFFFFFFFFF
23:32:09 - FFFFFFFFFFFFFFFFFFFFFFFFFF
23:32:09 - FFFFFFFFFFFFFFFFFFFFFFFFFF
23:32:10 - FFFFFFFFFFFFFFFFFFFFFFFFFF
23:32:10 - FFFFFFFFFFFFFFFFFFFFFFFFFF
23:32:44 - FFFFFFFFFFFFFFFFFFFFFFFFFF
23:32:44 - FFFFFFFFFFFFFFFFFFFFFFFFFF
23:32:44 - FFFFFFFFFFFFFFFFFFFFFFFFFF
23:32:45 - FFFFFFFFFFFFFFFFFFFFFFFFFF
23:32:45 - FFFFFFFFFFFFFFFFFFFFFFFFFF
23:32:45 - FFFFFFFFFFFFFFFFFFFFFFFFFF
23:32:46 - FFFFFFFFFFFFFFFFFFFFFFFFFF
23:32:46 - FFFFFFFFFFFFFFFFFFFFFFFFFF
23:32:46 - FFFFFFFFFFFFFFFFFFFFFFFFFF
23:32:47 - FFFFFFFFFFFFFFFFFFFFFFFFFF
23:32:47 - FFFFFFFFFFFFFFFFFFFFFFFFFF
23:32:47 - FFFFFFFFFFFFFFFFFFFFFFFFFF
23:32:48 - FFFFFFFFFFFFFFFFFFFFFFFFFF
23:32:48 - FFFFFFFFFFFFFFFFFFFFFFFFFF
23:32:49 - FFFFFFFFFFFFFFFFFFFFFFFFFF
23:32:49 - FFFFFFFFFFFFFFFFFFFFFFFFFF
23:32:50 - FFFFFFFFFFFFFFFFFFFFFFFFFF
23:32:50 - FFFFFFFFFFFFFFFFFFFFFFFFFF
23:32:51 - FFFFFFFFFFFFFFFFFFFFFFFFFF
23:32:51 - FFFFFFFFFFFFFFFFFFFFFFFFFF
23:32:52 - FFFFFFFFFFFFFFFFFFFFFFFFFF
23:32:52 - FFFFFFFFFFFFFFFFFFFFFFFFFF
23:32:52 - FFFFFFFFFFFFFFFFFFFFFFFFFF
23:32:53 - FFFFFFFFFFFFFFFFFFFFFFFFFF
23:32:54 - FFFFFFFFFFFFFFFFFFFFFFFFFF
23:32:54 - FFFFFFFFFFFFFFFFFFFFFFFFFF
23:32:55 - FFFFFFFFFFFFFFFFFFFFFFFFFF
23:32:56 - FFFFFFFFFFFFFFFFFFFFFFFFFF
23:32:56 - FFFFFFFFFFFFFFFFFFFFFFFFFF
23:32:57 - FFFFFFFFFFFFFFFFFFFFFFFFFF
23:32:57 - FFFFFFFFFFFFFFFFFFFFFFFFFF
23:32:58 - FFFFFFFFFFFFFFFFFFFFFFFFFF
23:32:58 - FFFFFFFFFFFFFFFFFFFFFFFFFF
23:32:59 - FFFFFFFFFFFFFFFFFFFFFFFFFF
23:32:59 - FFFFFFFFFFFFFFFFFFFFFFFFFF
23:33:00 - FFFFFFFFFFFFFFFFFFFFFFFFFF
23:33:00 - FFFFFFFFFFFFFFFFFFFFFFFFFF
23:33:01 - FFFFFFFFFFFFFFFFFFFFFFFFFF
23:33:01 - FFFFFFFFFFFFFFFFFFFFFFFFFF
23:33:02 - FFFFFFFFFFFFFFFFFFFFFFFFFF
23:33:02 - FFFFFFFFFFFFFFFFFFFFFFFFFF
23:33:03 - FFFFFFFFFFFFFFFFFFFFFFFFFF
23:33:03 - FFFFFFFFFFFFFFFFFFFFFFFFFF
23:33:04 - FFFFFFFFFFFFFFFFFFFFFFFFFF
23:33:04 - FFFFFFFFFFFFFFFFFFFFFFFFFF
23:33:05 - FFFFFFFFFFFFFFFFFFFFFFFFFF
23:33:05 - FFFFFFFFFFFFFFFFFFFFFFFFFF
23:33:06 - FFFFFFFFFFFFFFFFFFFFFFFFFF
23:33:09 - FFFFFFFFFFFFFFFFFFFFFFFFFF
23:33:09 - FFFFFFFFFFFFFFFFFFFFFFFFFF
23:33:09 - FFFFFFFFFFFFFFFFFFFFFFFFFF
23:33:09 - FFFFFFFFFFFFFFFFFFFFFFFFFF
23:33:09 - FFFFFFFFFFFFFFFFFFFFFFFFFF
23:33:09 - FFFFFFFFFFFFFFFFFFFFFFFFFF
23:33:10 - FFFFFFFFFFFFFFFFFFFFFFFFFF
23:33:10 - FFFFFFFFFFFFFFFFFFFFFFFFFF
23:33:11 - FFFFFFFFFFFFFFFFFFFFFFFFFF
23:33:11 - FFFFFFFFFFFFFFFFFFFFFFFFFF
23:33:12 - FFFFFFFFFFFFFFFFFFFFFFFFFF
23:33:12 - FFFFFFFFFFFFFFFFFFFFFFFFFF
23:33:12 - FFFFFFFFFFFFFFFFFFFFFFFFFF
23:33:13 - FFFFFFFFFFFFFFFFFFFFFFFFFF
23:33:13 - FFFFFFFFFFFFFFFFFFFFFFFFFF
23:33:14 - FFFFFFFFFFFFFFFFFFFFFFFFFF
23:33:14 - FFFFFFFFFFFFFFFFFFFFFFFFFF
23:33:15 - FFFFFFFFFFFFFFFFFFFFFFFFFF
23:33:16 - FFFFFFFFFFFFFFFFFFFFFFFFFF
23:33:16 - FFFFFFFFFFFFFFFFFFFFFFFFFF
23:33:17 - FFFFFFFFFFFFFFFFFFFFFFFFFF
23:33:17 - FFFFFFFFFFFFFFFFFFFFFFFFFF
23:33:18 - FFFFFFFFFFFFFFFFFFFFFFFFFF
23:33:18 - FFFFFFFFFFFFFFFFFFFFFFFFFF
23:33:19 - FFFFFFFFFFFFFFFFFFFFFFFFFF
23:33:19 - FFFFFFFFFFFFFFFFFFFFFFFFFF
23:33:20 - FFFFFFFFFFFFFFFFFFFFFFFFFF
23:33:20 - FFFFFFFFFFFFFFFFFFFFFFFFFF
23:33:21 - FFFFFFFFFFFFFFFFFFFFFFFFFF
23:33:21 - FFFFFFFFFFFFFFFFFFFFFFFFFF
23:33:21 - FFFFFFFFFFFFFFFFFFFFFFFFFF
23:33:22 - FFFFFFFFFFFFFFFFFFFFFFFFFF
23:33:22 - FFFFFFFFFFFFFFFFFFFFFFFFFF
23:33:23 - FFFFFFFFFFFFFFFFFFFFFFFFFF
23:33:24 - FFFFFFFFFFFFFFFFFFFFFFFFFF
23:33:24 - FFFFFFFFFFFFFFFFFFFFFFFFFF
23:33:25 - FFFFFFFFFFFFFFFFFFFFFFFFFF
23:33:25 - FFFFFFFFFFFFFFFFFFFFFFFFFF
23:33:26 - FFFFFFFFFFFFFFFFFFFFFFFFFF
23:33:26 - FFFFFFFFFFFFFFFFFFFFFFFFFF
23:33:27 - FFFFFFFFFFFFFFFFFFFFFFFFFF
23:33:27 - FFFFFFFFFFFFFFFFFFFFFFFFFF
23:33:28 - FFFFFFFFFFFFFFFFFFFFFFFFFF
23:33:28 - FFFFFFFFFFFFFFFFFFFFFFFFFF
23:33:29 - FFFFFFFFFFFFFFFFFFFFFFFFFF
23:33:29 - FFFFFFFFFFFFFFFFFFFFFFFFFF
23:33:30 - FFFFFFFFFFFFFFFFFFFFFFFFFF
23:33:30 - FFFFFFFFFFFFFFFFFFFFFFFFFF
23:33:31 - FFFFFFFFFFFFFFFFFFFFFFFFFF
23:33:32 - FFFFFFFFFFFFFFFFFFFFFFFFFF
23:33:32 - FFFFFFFFFFFFFFFFFFFFFFFFFF
23:33:33 - FFFFFFFFFFFFFFFFFFFFFFFFFF
23:33:33 - FFFFFFFFFFFFFFFFFFFFFFFFFF
23:33:34 - FFFFFFFFFFFFFFFFFFFFFFFFFF
23:33:34 - FFFFFFFFFFFFFFFFFFFFFFFFFF
23:33:35 - FFFFFFFFFFFFFFFFFFFFFFFFFF
23:33:35 - FFFFFFFFFFFFFFFFFFFFFFFFFF
23:33:36 - FFFFFFFFFFFFFFFFFFFFFFFFFF
23:33:36 - FFFFFFFFFFFFFFFFFFFFFFFFFF
23:33:37 - FFFFFFFFFFFFFFFFFFFFFFFFFF
23:33:37 - FFFFFFFFFFFFFFFFFFFFFFFFFF
23:33:38 - FFFFFFFFFFFFFFFFFFFFFFFFFF
23:33:38 - FFFFFFFFFFFFFFFFFFFFFFFFFF
23:33:39 - FFFFFFFFFFFFFFFFFFFFFFFFFF
23:33:40 - FFFFFFFFFFFFFFFFFFFFFFFFFF
23:33:40 - FFFFFFFFFFFFFFFFFFFFFFFFFF
23:33:41 - FFFFFFFFFFFFFFFFFFFFFFFFFF
23:33:41 - FFFFFFFFFFFFFFFFFFFFFFFFFF
23:33:42 - FFFFFFFFFFFFFFFFFFFFFFFFFF
23:33:43 - FFFFFFFFFFFFFFFFFFFFFFFFFF
23:33:43 - FFFFFFFFFFFFFFFFFFFFFFFFFF
23:33:44 - FFFFFFFFFFFFFFFFFFFFFFFFFF
23:33:44 - FFFFFFFFFFFFFFFFFFFFFFFFFF
23:33:45 - FFFFFFFFFFFFFFFFFFFFFFFFFF
23:33:45 - FFFFFFFFFFFFFFFFFFFFFFFFFF
23:33:46 - FFFFFFFFFFFFFFFFFFFFFFFFFF
23:33:47 - FFFFFFFFFFFFFFFFFFFFFFFFFF
23:33:47 - FFFFFFFFFFFFFFFFFFFFFFFFFF
23:33:48 - FFFFFFFFFFFFFFFFFFFFFFFFFF
23:33:52 - FFFFFFFFFFFFFFFFFFFFFFFFFF
23:33:52 - FFFFFFFFFFFFFFFFFFFFFFFFFF
23:33:52 - FFFFFFFFFFFFFFFFFFFFFFFFFF
23:33:52 - FFFFFFFFFFFFFFFFFFFFFFFFFF
23:33:52 - FFFFFFFFFFFFFFFFFFFFFFFFFF
23:33:52 - FFFFFFFFFFFFFFFFFFFFFFFFFF
23:33:52 - FFFFFFFFFFFFFFFFFFFFFFFFFF
23:33:52 - FFFFFFFFFFFFFFFFFFFFFFFFFF
23:36:34 - FFFFFFFFFFFFFFFFFFFFFFFFFF
23:36:47 - FFFFFFFFFFFFFFFFFFFFFFFFFF
23:38:33 - FFFFFFFFFFFFFFFFFFFFFFFFFF
23:38:46 - FFFFFFFFFFFFFFFFFFFFFFFFFF
23:38:50 - FFFFFFFFFFFFFFFFFFFFFFFFFF
23:38:52 - FFFFFFFFFFFFFFFFFFFFFFFFFF
23:39:26 - FFFFFFFFFFFFFFFFFFFFFFFFFF
23:39:28 - FFFFFFFFFFFFFFFFFFFFFFFFFF
23:39:32 - FFFFFFFFFFFFFFFFFFFFFFFFFF
23:39:43 - FFFFFFFFFFFFFFFFFFFFFFFFFF
23:39:46 - FFFFFFFFFFFFFFFFFFFFFFFFFF
23:39:51 - FFFFFFFFFFFFFFFFFFFFFFFFFF
23:39:54 - FFFFFFFFFFFFFFFFFFFFFFFFFF
23:39:55 - FFFFFFFFFFFFFFFFFFFFFFFFFF
23:40:33 - FFFFFFFFFFFFFFFFFFFFFFFFFF
23:40:50 - FFFFFFFFFFFFFFFFFFFFFFFFFF
23:41:10 - FFFFFFFFFFFFFFFFFFFFFFFFFF
